{"C:\\Users\\Hp\\Documents\\GitHub\\Kiruna-project\\backend\\index.mjs": {"path":"C:\\Users\\Hp\\Documents\\GitHub\\Kiruna-project\\backend\\index.mjs","statementMap":{"0":{"start":{"line":8,"column":12},"end":{"line":8,"column":21}},"1":{"start":{"line":9,"column":13},"end":{"line":9,"column":17}},"2":{"start":{"line":11,"column":0},"end":{"line":11,"column":24}},"3":{"start":{"line":14,"column":20},"end":{"line":18,"column":1}},"4":{"start":{"line":19,"column":0},"end":{"line":19,"column":27}},"5":{"start":{"line":21,"column":0},"end":{"line":26,"column":4}},"6":{"start":{"line":29,"column":0},"end":{"line":29,"column":31}},"7":{"start":{"line":30,"column":0},"end":{"line":30,"column":28}},"8":{"start":{"line":33,"column":0},"end":{"line":35,"column":3}},"9":{"start":{"line":34,"column":4},"end":{"line":34,"column":30}},"10":{"start":{"line":38,"column":0},"end":{"line":46,"column":3}},"11":{"start":{"line":39,"column":4},"end":{"line":45,"column":11}},"12":{"start":{"line":41,"column":12},"end":{"line":41,"column":29}},"13":{"start":{"line":44,"column":12},"end":{"line":44,"column":22}},"14":{"start":{"line":48,"column":17},"end":{"line":48,"column":31}},"15":{"start":{"line":49,"column":20},"end":{"line":49,"column":37}},"16":{"start":{"line":53,"column":0},"end":{"line":70,"column":3}},"17":{"start":{"line":54,"column":50},"end":{"line":54,"column":58}},"18":{"start":{"line":57,"column":4},"end":{"line":59,"column":5}},"19":{"start":{"line":58,"column":8},"end":{"line":58,"column":74}},"20":{"start":{"line":61,"column":4},"end":{"line":69,"column":5}},"21":{"start":{"line":62,"column":23},"end":{"line":62,"column":85}},"22":{"start":{"line":63,"column":8},"end":{"line":63,"column":37}},"23":{"start":{"line":65,"column":8},"end":{"line":67,"column":9}},"24":{"start":{"line":66,"column":12},"end":{"line":66,"column":66}},"25":{"start":{"line":68,"column":8},"end":{"line":68,"column":65}},"26":{"start":{"line":73,"column":0},"end":{"line":99,"column":3}},"27":{"start":{"line":74,"column":35},"end":{"line":74,"column":43}},"28":{"start":{"line":76,"column":4},"end":{"line":78,"column":5}},"29":{"start":{"line":77,"column":8},"end":{"line":77,"column":88}},"30":{"start":{"line":80,"column":4},"end":{"line":98,"column":5}},"31":{"start":{"line":81,"column":21},"end":{"line":81,"column":61}},"32":{"start":{"line":83,"column":8},"end":{"line":85,"column":9}},"33":{"start":{"line":84,"column":12},"end":{"line":84,"column":86}},"34":{"start":{"line":87,"column":8},"end":{"line":92,"column":10}},"35":{"start":{"line":94,"column":8},"end":{"line":94,"column":68}},"36":{"start":{"line":96,"column":8},"end":{"line":96,"column":53}},"37":{"start":{"line":97,"column":8},"end":{"line":97,"column":67}},"38":{"start":{"line":102,"column":0},"end":{"line":111,"column":3}},"39":{"start":{"line":103,"column":4},"end":{"line":110,"column":5}},"40":{"start":{"line":104,"column":8},"end":{"line":107,"column":11}},"41":{"start":{"line":109,"column":8},"end":{"line":109,"column":67}},"42":{"start":{"line":114,"column":0},"end":{"line":129,"column":3}},"43":{"start":{"line":115,"column":4},"end":{"line":128,"column":5}},"44":{"start":{"line":116,"column":25},"end":{"line":116,"column":50}},"45":{"start":{"line":118,"column":8},"end":{"line":125,"column":11}},"46":{"start":{"line":119,"column":12},"end":{"line":122,"column":13}},"47":{"start":{"line":120,"column":16},"end":{"line":120,"column":65}},"48":{"start":{"line":121,"column":16},"end":{"line":121,"column":76}},"49":{"start":{"line":123,"column":12},"end":{"line":123,"column":59}},"50":{"start":{"line":124,"column":12},"end":{"line":124,"column":89}},"51":{"start":{"line":127,"column":8},"end":{"line":127,"column":74}},"52":{"start":{"line":132,"column":0},"end":{"line":139,"column":3}},"53":{"start":{"line":133,"column":4},"end":{"line":138,"column":5}},"54":{"start":{"line":134,"column":26},"end":{"line":134,"column":61}},"55":{"start":{"line":135,"column":8},"end":{"line":135,"column":40}},"56":{"start":{"line":137,"column":8},"end":{"line":137,"column":57}},"57":{"start":{"line":142,"column":0},"end":{"line":172,"column":3}},"58":{"start":{"line":143,"column":39},"end":{"line":143,"column":47}},"59":{"start":{"line":145,"column":4},"end":{"line":171,"column":5}},"60":{"start":{"line":146,"column":8},"end":{"line":148,"column":9}},"61":{"start":{"line":147,"column":12},"end":{"line":147,"column":60}},"62":{"start":{"line":150,"column":25},"end":{"line":150,"column":62}},"63":{"start":{"line":151,"column":8},"end":{"line":153,"column":9}},"64":{"start":{"line":152,"column":12},"end":{"line":152,"column":51}},"65":{"start":{"line":155,"column":23},"end":{"line":155,"column":87}},"66":{"start":{"line":157,"column":8},"end":{"line":164,"column":11}},"67":{"start":{"line":166,"column":8},"end":{"line":170,"column":9}},"68":{"start":{"line":167,"column":12},"end":{"line":167,"column":61}},"69":{"start":{"line":169,"column":12},"end":{"line":169,"column":61}},"70":{"start":{"line":175,"column":13},"end":{"line":177,"column":2}},"71":{"start":{"line":176,"column":4},"end":{"line":176,"column":53}}},"fnMap":{"0":{"name":"(anonymous_0)","decl":{"start":{"line":33,"column":23},"end":{"line":33,"column":24}},"loc":{"start":{"line":33,"column":39},"end":{"line":35,"column":1}},"line":33},"1":{"name":"(anonymous_1)","decl":{"start":{"line":38,"column":25},"end":{"line":38,"column":26}},"loc":{"start":{"line":38,"column":45},"end":{"line":46,"column":1}},"line":38},"2":{"name":"(anonymous_2)","decl":{"start":{"line":40,"column":14},"end":{"line":40,"column":15}},"loc":{"start":{"line":40,"column":22},"end":{"line":42,"column":9}},"line":40},"3":{"name":"(anonymous_3)","decl":{"start":{"line":43,"column":15},"end":{"line":43,"column":16}},"loc":{"start":{"line":43,"column":22},"end":{"line":45,"column":9}},"line":43},"4":{"name":"(anonymous_4)","decl":{"start":{"line":53,"column":26},"end":{"line":53,"column":27}},"loc":{"start":{"line":53,"column":46},"end":{"line":70,"column":1}},"line":53},"5":{"name":"(anonymous_5)","decl":{"start":{"line":73,"column":23},"end":{"line":73,"column":24}},"loc":{"start":{"line":73,"column":43},"end":{"line":99,"column":1}},"line":73},"6":{"name":"(anonymous_6)","decl":{"start":{"line":102,"column":28},"end":{"line":102,"column":29}},"loc":{"start":{"line":102,"column":42},"end":{"line":111,"column":1}},"line":102},"7":{"name":"(anonymous_7)","decl":{"start":{"line":114,"column":24},"end":{"line":114,"column":25}},"loc":{"start":{"line":114,"column":38},"end":{"line":129,"column":1}},"line":114},"8":{"name":"(anonymous_8)","decl":{"start":{"line":118,"column":28},"end":{"line":118,"column":29}},"loc":{"start":{"line":118,"column":37},"end":{"line":125,"column":9}},"line":118},"9":{"name":"(anonymous_9)","decl":{"start":{"line":132,"column":26},"end":{"line":132,"column":27}},"loc":{"start":{"line":132,"column":46},"end":{"line":139,"column":1}},"line":132},"10":{"name":"(anonymous_10)","decl":{"start":{"line":142,"column":31},"end":{"line":142,"column":32}},"loc":{"start":{"line":142,"column":51},"end":{"line":172,"column":1}},"line":142},"11":{"name":"(anonymous_11)","decl":{"start":{"line":175,"column":30},"end":{"line":175,"column":31}},"loc":{"start":{"line":175,"column":36},"end":{"line":177,"column":1}},"line":175}},"branchMap":{"0":{"loc":{"start":{"line":57,"column":4},"end":{"line":59,"column":5}},"type":"if","locations":[{"start":{"line":57,"column":4},"end":{"line":59,"column":5}},{"start":{},"end":{}}],"line":57},"1":{"loc":{"start":{"line":57,"column":8},"end":{"line":57,"column":51}},"type":"binary-expr","locations":[{"start":{"line":57,"column":8},"end":{"line":57,"column":17}},{"start":{"line":57,"column":21},"end":{"line":57,"column":26}},{"start":{"line":57,"column":30},"end":{"line":57,"column":38}},{"start":{"line":57,"column":42},"end":{"line":57,"column":51}}],"line":57},"2":{"loc":{"start":{"line":65,"column":8},"end":{"line":67,"column":9}},"type":"if","locations":[{"start":{"line":65,"column":8},"end":{"line":67,"column":9}},{"start":{},"end":{}}],"line":65},"3":{"loc":{"start":{"line":76,"column":4},"end":{"line":78,"column":5}},"type":"if","locations":[{"start":{"line":76,"column":4},"end":{"line":78,"column":5}},{"start":{},"end":{}}],"line":76},"4":{"loc":{"start":{"line":76,"column":8},"end":{"line":76,"column":30}},"type":"binary-expr","locations":[{"start":{"line":76,"column":8},"end":{"line":76,"column":17}},{"start":{"line":76,"column":21},"end":{"line":76,"column":30}}],"line":76},"5":{"loc":{"start":{"line":83,"column":8},"end":{"line":85,"column":9}},"type":"if","locations":[{"start":{"line":83,"column":8},"end":{"line":85,"column":9}},{"start":{},"end":{}}],"line":83},"6":{"loc":{"start":{"line":103,"column":4},"end":{"line":110,"column":5}},"type":"if","locations":[{"start":{"line":103,"column":4},"end":{"line":110,"column":5}},{"start":{"line":108,"column":11},"end":{"line":110,"column":5}}],"line":103},"7":{"loc":{"start":{"line":115,"column":4},"end":{"line":128,"column":5}},"type":"if","locations":[{"start":{"line":115,"column":4},"end":{"line":128,"column":5}},{"start":{"line":126,"column":11},"end":{"line":128,"column":5}}],"line":115},"8":{"loc":{"start":{"line":119,"column":12},"end":{"line":122,"column":13}},"type":"if","locations":[{"start":{"line":119,"column":12},"end":{"line":122,"column":13}},{"start":{},"end":{}}],"line":119},"9":{"loc":{"start":{"line":146,"column":8},"end":{"line":148,"column":9}},"type":"if","locations":[{"start":{"line":146,"column":8},"end":{"line":148,"column":9}},{"start":{},"end":{}}],"line":146},"10":{"loc":{"start":{"line":146,"column":12},"end":{"line":146,"column":53}},"type":"binary-expr","locations":[{"start":{"line":146,"column":12},"end":{"line":146,"column":24}},{"start":{"line":146,"column":28},"end":{"line":146,"column":53}}],"line":146},"11":{"loc":{"start":{"line":151,"column":8},"end":{"line":153,"column":9}},"type":"if","locations":[{"start":{"line":151,"column":8},"end":{"line":153,"column":9}},{"start":{},"end":{}}],"line":151},"12":{"loc":{"start":{"line":151,"column":12},"end":{"line":151,"column":49}},"type":"binary-expr","locations":[{"start":{"line":151,"column":12},"end":{"line":151,"column":21}},{"start":{"line":151,"column":25},"end":{"line":151,"column":49}}],"line":151},"13":{"loc":{"start":{"line":166,"column":8},"end":{"line":170,"column":9}},"type":"if","locations":[{"start":{"line":166,"column":8},"end":{"line":170,"column":9}},{"start":{"line":168,"column":15},"end":{"line":170,"column":9}}],"line":166}},"s":{"0":1,"1":1,"2":1,"3":1,"4":1,"5":1,"6":1,"7":1,"8":1,"9":0,"10":1,"11":0,"12":0,"13":0,"14":1,"15":1,"16":1,"17":4,"18":4,"19":1,"20":3,"21":3,"22":1,"23":2,"24":1,"25":1,"26":1,"27":4,"28":4,"29":1,"30":3,"31":3,"32":2,"33":1,"34":1,"35":1,"36":1,"37":1,"38":1,"39":0,"40":0,"41":0,"42":1,"43":0,"44":0,"45":0,"46":0,"47":0,"48":0,"49":0,"50":0,"51":0,"52":1,"53":0,"54":0,"55":0,"56":0,"57":1,"58":0,"59":0,"60":0,"61":0,"62":0,"63":0,"64":0,"65":0,"66":0,"67":0,"68":0,"69":0,"70":1,"71":0},"f":{"0":0,"1":0,"2":0,"3":0,"4":4,"5":4,"6":0,"7":0,"8":0,"9":0,"10":0,"11":0},"b":{"0":[1,3],"1":[4,4,3,3],"2":[1,1],"3":[1,3],"4":[4,4],"5":[1,1],"6":[0,0],"7":[0,0],"8":[0,0],"9":[0,0],"10":[0,0],"11":[0,0],"12":[0,0],"13":[0,0]},"_coverageSchema":"1a1c01bbd47fc00a2c39e90264f33305004495a9","hash":"3efec22af876cf4b0134c9374cbe0b2e8e1f7236"}
,"C:\\Users\\Hp\\Documents\\GitHub\\Kiruna-project\\backend\\dao\\document.mjs": {"path":"C:\\Users\\Hp\\Documents\\GitHub\\Kiruna-project\\backend\\dao\\document.mjs","statementMap":{"0":{"start":{"line":9,"column":8},"end":{"line":22,"column":11}},"1":{"start":{"line":10,"column":36},"end":{"line":10,"column":74}},"2":{"start":{"line":12,"column":12},"end":{"line":21,"column":15}},"3":{"start":{"line":13,"column":16},"end":{"line":16,"column":17}},"4":{"start":{"line":14,"column":20},"end":{"line":14,"column":95}},"5":{"start":{"line":15,"column":20},"end":{"line":15,"column":79}},"6":{"start":{"line":17,"column":16},"end":{"line":19,"column":17}},"7":{"start":{"line":18,"column":20},"end":{"line":18,"column":67}},"8":{"start":{"line":20,"column":16},"end":{"line":20,"column":34}},"9":{"start":{"line":28,"column":8},"end":{"line":39,"column":11}},"10":{"start":{"line":29,"column":36},"end":{"line":29,"column":61}},"11":{"start":{"line":31,"column":12},"end":{"line":38,"column":15}},"12":{"start":{"line":32,"column":16},"end":{"line":35,"column":17}},"13":{"start":{"line":33,"column":20},"end":{"line":33,"column":94}},"14":{"start":{"line":34,"column":20},"end":{"line":34,"column":79}},"15":{"start":{"line":37,"column":16},"end":{"line":37,"column":35}},"16":{"start":{"line":43,"column":8},"end":{"line":82,"column":11}},"17":{"start":{"line":45,"column":12},"end":{"line":47,"column":13}},"18":{"start":{"line":46,"column":16},"end":{"line":46,"column":73}},"19":{"start":{"line":49,"column":34},"end":{"line":49,"column":94}},"20":{"start":{"line":51,"column":12},"end":{"line":81,"column":15}},"21":{"start":{"line":52,"column":16},"end":{"line":55,"column":17}},"22":{"start":{"line":53,"column":20},"end":{"line":53,"column":90}},"23":{"start":{"line":54,"column":20},"end":{"line":54,"column":79}},"24":{"start":{"line":57,"column":16},"end":{"line":80,"column":17}},"25":{"start":{"line":59,"column":46},"end":{"line":63,"column":21}},"26":{"start":{"line":65,"column":20},"end":{"line":77,"column":23}},"27":{"start":{"line":66,"column":24},"end":{"line":69,"column":25}},"28":{"start":{"line":67,"column":28},"end":{"line":67,"column":110}},"29":{"start":{"line":68,"column":28},"end":{"line":68,"column":87}},"30":{"start":{"line":71,"column":24},"end":{"line":76,"column":27}},"31":{"start":{"line":79,"column":20},"end":{"line":79,"column":92}}},"fnMap":{"0":{"name":"(anonymous_0)","decl":{"start":{"line":8,"column":5},"end":{"line":8,"column":6}},"loc":{"start":{"line":8,"column":25},"end":{"line":23,"column":5}},"line":8},"1":{"name":"(anonymous_1)","decl":{"start":{"line":9,"column":27},"end":{"line":9,"column":28}},"loc":{"start":{"line":9,"column":48},"end":{"line":22,"column":9}},"line":9},"2":{"name":"(anonymous_2)","decl":{"start":{"line":12,"column":42},"end":{"line":12,"column":43}},"loc":{"start":{"line":12,"column":61},"end":{"line":21,"column":13}},"line":12},"3":{"name":"(anonymous_3)","decl":{"start":{"line":27,"column":4},"end":{"line":27,"column":5}},"loc":{"start":{"line":27,"column":22},"end":{"line":40,"column":5}},"line":27},"4":{"name":"(anonymous_4)","decl":{"start":{"line":28,"column":27},"end":{"line":28,"column":28}},"loc":{"start":{"line":28,"column":48},"end":{"line":39,"column":9}},"line":28},"5":{"name":"(anonymous_5)","decl":{"start":{"line":31,"column":40},"end":{"line":31,"column":41}},"loc":{"start":{"line":31,"column":60},"end":{"line":38,"column":13}},"line":31},"6":{"name":"(anonymous_6)","decl":{"start":{"line":42,"column":4},"end":{"line":42,"column":5}},"loc":{"start":{"line":42,"column":51},"end":{"line":83,"column":5}},"line":42},"7":{"name":"(anonymous_7)","decl":{"start":{"line":43,"column":27},"end":{"line":43,"column":28}},"loc":{"start":{"line":43,"column":48},"end":{"line":82,"column":9}},"line":43},"8":{"name":"(anonymous_8)","decl":{"start":{"line":51,"column":47},"end":{"line":51,"column":48}},"loc":{"start":{"line":51,"column":74},"end":{"line":81,"column":13}},"line":51},"9":{"name":"(anonymous_9)","decl":{"start":{"line":65,"column":72},"end":{"line":65,"column":73}},"loc":{"start":{"line":65,"column":87},"end":{"line":77,"column":21}},"line":65}},"branchMap":{"0":{"loc":{"start":{"line":13,"column":16},"end":{"line":16,"column":17}},"type":"if","locations":[{"start":{"line":13,"column":16},"end":{"line":16,"column":17}},{"start":{},"end":{}}],"line":13},"1":{"loc":{"start":{"line":17,"column":16},"end":{"line":19,"column":17}},"type":"if","locations":[{"start":{"line":17,"column":16},"end":{"line":19,"column":17}},{"start":{},"end":{}}],"line":17},"2":{"loc":{"start":{"line":32,"column":16},"end":{"line":35,"column":17}},"type":"if","locations":[{"start":{"line":32,"column":16},"end":{"line":35,"column":17}},{"start":{},"end":{}}],"line":32},"3":{"loc":{"start":{"line":45,"column":12},"end":{"line":47,"column":13}},"type":"if","locations":[{"start":{"line":45,"column":12},"end":{"line":47,"column":13}},{"start":{},"end":{}}],"line":45},"4":{"loc":{"start":{"line":45,"column":16},"end":{"line":45,"column":57}},"type":"binary-expr","locations":[{"start":{"line":45,"column":16},"end":{"line":45,"column":28}},{"start":{"line":45,"column":32},"end":{"line":45,"column":57}}],"line":45},"5":{"loc":{"start":{"line":52,"column":16},"end":{"line":55,"column":17}},"type":"if","locations":[{"start":{"line":52,"column":16},"end":{"line":55,"column":17}},{"start":{},"end":{}}],"line":52},"6":{"loc":{"start":{"line":57,"column":16},"end":{"line":80,"column":17}},"type":"if","locations":[{"start":{"line":57,"column":16},"end":{"line":80,"column":17}},{"start":{"line":78,"column":23},"end":{"line":80,"column":17}}],"line":57},"7":{"loc":{"start":{"line":66,"column":24},"end":{"line":69,"column":25}},"type":"if","locations":[{"start":{"line":66,"column":24},"end":{"line":69,"column":25}},{"start":{},"end":{}}],"line":66}},"s":{"0":0,"1":0,"2":0,"3":0,"4":0,"5":0,"6":0,"7":0,"8":0,"9":0,"10":0,"11":0,"12":0,"13":0,"14":0,"15":0,"16":5,"17":5,"18":1,"19":4,"20":4,"21":4,"22":1,"23":1,"24":3,"25":2,"26":2,"27":2,"28":1,"29":1,"30":1,"31":1},"f":{"0":0,"1":0,"2":0,"3":0,"4":0,"5":0,"6":5,"7":5,"8":4,"9":2},"b":{"0":[0,0],"1":[0,0],"2":[0,0],"3":[1,4],"4":[5,4],"5":[1,3],"6":[2,1],"7":[1,1]},"_coverageSchema":"1a1c01bbd47fc00a2c39e90264f33305004495a9","hash":"5ad165d476457cc1d3562738f2126d3cf7834330"}
,"C:\\Users\\Hp\\Documents\\GitHub\\Kiruna-project\\backend\\dao\\login.mjs": {"path":"C:\\Users\\Hp\\Documents\\GitHub\\Kiruna-project\\backend\\dao\\login.mjs","statementMap":{"0":{"start":{"line":9,"column":8},"end":{"line":47,"column":11}},"1":{"start":{"line":10,"column":35},"end":{"line":10,"column":82}},"2":{"start":{"line":12,"column":12},"end":{"line":46,"column":15}},"3":{"start":{"line":13,"column":16},"end":{"line":16,"column":17}},"4":{"start":{"line":14,"column":20},"end":{"line":14,"column":86}},"5":{"start":{"line":15,"column":20},"end":{"line":15,"column":79}},"6":{"start":{"line":17,"column":16},"end":{"line":20,"column":17}},"7":{"start":{"line":18,"column":20},"end":{"line":18,"column":70}},"8":{"start":{"line":19,"column":20},"end":{"line":19,"column":100}},"9":{"start":{"line":22,"column":29},"end":{"line":22,"column":67}},"10":{"start":{"line":24,"column":16},"end":{"line":45,"column":19}},"11":{"start":{"line":25,"column":20},"end":{"line":28,"column":21}},"12":{"start":{"line":26,"column":24},"end":{"line":26,"column":85}},"13":{"start":{"line":27,"column":24},"end":{"line":27,"column":98}},"14":{"start":{"line":29,"column":33},"end":{"line":29,"column":63}},"15":{"start":{"line":31,"column":44},"end":{"line":31,"column":128}},"16":{"start":{"line":32,"column":20},"end":{"line":44,"column":23}},"17":{"start":{"line":33,"column":24},"end":{"line":36,"column":25}},"18":{"start":{"line":34,"column":28},"end":{"line":34,"column":95}},"19":{"start":{"line":35,"column":28},"end":{"line":35,"column":87}},"20":{"start":{"line":38,"column":24},"end":{"line":43,"column":27}},"21":{"start":{"line":52,"column":8},"end":{"line":90,"column":11}},"22":{"start":{"line":53,"column":26},"end":{"line":53,"column":66}},"23":{"start":{"line":54,"column":12},"end":{"line":89,"column":15}},"24":{"start":{"line":55,"column":16},"end":{"line":58,"column":17}},"25":{"start":{"line":56,"column":20},"end":{"line":56,"column":66}},"26":{"start":{"line":57,"column":20},"end":{"line":57,"column":79}},"27":{"start":{"line":60,"column":16},"end":{"line":63,"column":17}},"28":{"start":{"line":61,"column":20},"end":{"line":61,"column":50}},"29":{"start":{"line":62,"column":20},"end":{"line":62,"column":42}},"30":{"start":{"line":65,"column":16},"end":{"line":65,"column":49}},"31":{"start":{"line":67,"column":16},"end":{"line":88,"column":19}},"32":{"start":{"line":68,"column":20},"end":{"line":71,"column":21}},"33":{"start":{"line":69,"column":24},"end":{"line":69,"column":85}},"34":{"start":{"line":70,"column":24},"end":{"line":70,"column":98}},"35":{"start":{"line":73,"column":20},"end":{"line":73,"column":55}},"36":{"start":{"line":75,"column":20},"end":{"line":87,"column":21}},"37":{"start":{"line":77,"column":37},"end":{"line":82,"column":25}},"38":{"start":{"line":83,"column":24},"end":{"line":83,"column":45}},"39":{"start":{"line":85,"column":24},"end":{"line":85,"column":63}},"40":{"start":{"line":86,"column":24},"end":{"line":86,"column":46}}},"fnMap":{"0":{"name":"(anonymous_0)","decl":{"start":{"line":8,"column":4},"end":{"line":8,"column":5}},"loc":{"start":{"line":8,"column":52},"end":{"line":48,"column":5}},"line":8},"1":{"name":"(anonymous_1)","decl":{"start":{"line":9,"column":27},"end":{"line":9,"column":28}},"loc":{"start":{"line":9,"column":48},"end":{"line":47,"column":9}},"line":9},"2":{"name":"(anonymous_2)","decl":{"start":{"line":12,"column":47},"end":{"line":12,"column":48}},"loc":{"start":{"line":12,"column":70},"end":{"line":46,"column":13}},"line":12},"3":{"name":"(anonymous_3)","decl":{"start":{"line":24,"column":50},"end":{"line":24,"column":51}},"loc":{"start":{"line":24,"column":75},"end":{"line":45,"column":17}},"line":24},"4":{"name":"(anonymous_4)","decl":{"start":{"line":32,"column":83},"end":{"line":32,"column":84}},"loc":{"start":{"line":32,"column":98},"end":{"line":44,"column":21}},"line":32},"5":{"name":"(anonymous_5)","decl":{"start":{"line":51,"column":4},"end":{"line":51,"column":5}},"loc":{"start":{"line":51,"column":30},"end":{"line":91,"column":5}},"line":51},"6":{"name":"(anonymous_6)","decl":{"start":{"line":52,"column":27},"end":{"line":52,"column":28}},"loc":{"start":{"line":52,"column":48},"end":{"line":90,"column":9}},"line":52},"7":{"name":"(anonymous_7)","decl":{"start":{"line":54,"column":38},"end":{"line":54,"column":39}},"loc":{"start":{"line":54,"column":52},"end":{"line":89,"column":13}},"line":54},"8":{"name":"(anonymous_8)","decl":{"start":{"line":67,"column":54},"end":{"line":67,"column":55}},"loc":{"start":{"line":67,"column":79},"end":{"line":88,"column":17}},"line":67}},"branchMap":{"0":{"loc":{"start":{"line":13,"column":16},"end":{"line":16,"column":17}},"type":"if","locations":[{"start":{"line":13,"column":16},"end":{"line":16,"column":17}},{"start":{},"end":{}}],"line":13},"1":{"loc":{"start":{"line":17,"column":16},"end":{"line":20,"column":17}},"type":"if","locations":[{"start":{"line":17,"column":16},"end":{"line":20,"column":17}},{"start":{},"end":{}}],"line":17},"2":{"loc":{"start":{"line":25,"column":20},"end":{"line":28,"column":21}},"type":"if","locations":[{"start":{"line":25,"column":20},"end":{"line":28,"column":21}},{"start":{},"end":{}}],"line":25},"3":{"loc":{"start":{"line":33,"column":24},"end":{"line":36,"column":25}},"type":"if","locations":[{"start":{"line":33,"column":24},"end":{"line":36,"column":25}},{"start":{},"end":{}}],"line":33},"4":{"loc":{"start":{"line":55,"column":16},"end":{"line":58,"column":17}},"type":"if","locations":[{"start":{"line":55,"column":16},"end":{"line":58,"column":17}},{"start":{},"end":{}}],"line":55},"5":{"loc":{"start":{"line":60,"column":16},"end":{"line":63,"column":17}},"type":"if","locations":[{"start":{"line":60,"column":16},"end":{"line":63,"column":17}},{"start":{},"end":{}}],"line":60},"6":{"loc":{"start":{"line":68,"column":20},"end":{"line":71,"column":21}},"type":"if","locations":[{"start":{"line":68,"column":20},"end":{"line":71,"column":21}},{"start":{},"end":{}}],"line":68},"7":{"loc":{"start":{"line":75,"column":20},"end":{"line":87,"column":21}},"type":"if","locations":[{"start":{"line":75,"column":20},"end":{"line":87,"column":21}},{"start":{"line":84,"column":27},"end":{"line":87,"column":21}}],"line":75}},"s":{"0":4,"1":4,"2":4,"3":4,"4":1,"5":1,"6":3,"7":1,"8":1,"9":2,"10":2,"11":2,"12":0,"13":0,"14":2,"15":2,"16":2,"17":2,"18":1,"19":1,"20":1,"21":5,"22":5,"23":5,"24":5,"25":1,"26":1,"27":4,"28":1,"29":1,"30":3,"31":3,"32":3,"33":1,"34":1,"35":2,"36":2,"37":1,"38":1,"39":1,"40":1},"f":{"0":4,"1":4,"2":4,"3":2,"4":2,"5":5,"6":5,"7":5,"8":3},"b":{"0":[1,3],"1":[1,2],"2":[0,2],"3":[1,1],"4":[1,4],"5":[1,3],"6":[1,2],"7":[1,1]},"_coverageSchema":"1a1c01bbd47fc00a2c39e90264f33305004495a9","hash":"0893e45020c0c8473c0f85e0f4eaf7ed8dc9ba42"}
,"C:\\Users\\Hp\\Documents\\GitHub\\Kiruna-project\\backend\\db\\db.mjs": {"path":"C:\\Users\\Hp\\Documents\\GitHub\\Kiruna-project\\backend\\db\\db.mjs","statementMap":{"0":{"start":{"line":7,"column":11},"end":{"line":11,"column":2}},"1":{"start":{"line":8,"column":4},"end":{"line":8,"column":23}},"2":{"start":{"line":8,"column":13},"end":{"line":8,"column":23}}},"fnMap":{"0":{"name":"(anonymous_0)","decl":{"start":{"line":7,"column":44},"end":{"line":7,"column":45}},"loc":{"start":{"line":7,"column":53},"end":{"line":11,"column":1}},"line":7}},"branchMap":{"0":{"loc":{"start":{"line":8,"column":4},"end":{"line":8,"column":23}},"type":"if","locations":[{"start":{"line":8,"column":4},"end":{"line":8,"column":23}},{"start":{},"end":{}}],"line":8}},"s":{"0":3,"1":2,"2":0},"f":{"0":2},"b":{"0":[0,2]},"_coverageSchema":"1a1c01bbd47fc00a2c39e90264f33305004495a9","hash":"f13e1766a7a2773db38195f2b676c827dc66b51e"}
,"C:\\Users\\Hp\\Documents\\GitHub\\Kiruna-project\\backend\\db\\path.mjs": {"path":"C:\\Users\\Hp\\Documents\\GitHub\\Kiruna-project\\backend\\db\\path.mjs","statementMap":{"0":{"start":{"line":6,"column":10},"end":{"line":6,"column":76}},"1":{"start":{"line":9,"column":19},"end":{"line":9,"column":67}}},"fnMap":{},"branchMap":{"0":{"loc":{"start":{"line":6,"column":10},"end":{"line":6,"column":76}},"type":"cond-expr","locations":[{"start":{"line":6,"column":33},"end":{"line":6,"column":60}},{"start":{"line":6,"column":63},"end":{"line":6,"column":76}}],"line":6},"1":{"loc":{"start":{"line":9,"column":19},"end":{"line":9,"column":67}},"type":"cond-expr","locations":[{"start":{"line":9,"column":36},"end":{"line":9,"column":52}},{"start":{"line":9,"column":55},"end":{"line":9,"column":67}}],"line":9}},"s":{"0":3,"1":3},"f":{},"b":{"0":[3,0],"1":[3,0]},"_coverageSchema":"1a1c01bbd47fc00a2c39e90264f33305004495a9","hash":"485cd585d0809b8ade305f26e5a8a580c7a3468a"}
}
