{"C:\\Users\\giuli\\Desktop\\Giulio\\Magistrale\\2° Anno\\Software Engineering II\\Kiruna-project\\backend\\dao\\login.mjs": {"path":"C:\\Users\\giuli\\Desktop\\Giulio\\Magistrale\\2° Anno\\Software Engineering II\\Kiruna-project\\backend\\dao\\login.mjs","statementMap":{"0":{"start":{"line":9,"column":8},"end":{"line":47,"column":11}},"1":{"start":{"line":10,"column":35},"end":{"line":10,"column":82}},"2":{"start":{"line":12,"column":12},"end":{"line":46,"column":15}},"3":{"start":{"line":13,"column":16},"end":{"line":16,"column":17}},"4":{"start":{"line":14,"column":20},"end":{"line":14,"column":86}},"5":{"start":{"line":15,"column":20},"end":{"line":15,"column":79}},"6":{"start":{"line":17,"column":16},"end":{"line":20,"column":17}},"7":{"start":{"line":18,"column":20},"end":{"line":18,"column":70}},"8":{"start":{"line":19,"column":20},"end":{"line":19,"column":100}},"9":{"start":{"line":22,"column":29},"end":{"line":22,"column":67}},"10":{"start":{"line":24,"column":16},"end":{"line":45,"column":19}},"11":{"start":{"line":25,"column":20},"end":{"line":28,"column":21}},"12":{"start":{"line":26,"column":24},"end":{"line":26,"column":85}},"13":{"start":{"line":27,"column":24},"end":{"line":27,"column":98}},"14":{"start":{"line":29,"column":33},"end":{"line":29,"column":63}},"15":{"start":{"line":31,"column":44},"end":{"line":31,"column":128}},"16":{"start":{"line":32,"column":20},"end":{"line":44,"column":23}},"17":{"start":{"line":33,"column":24},"end":{"line":36,"column":25}},"18":{"start":{"line":34,"column":28},"end":{"line":34,"column":95}},"19":{"start":{"line":35,"column":28},"end":{"line":35,"column":87}},"20":{"start":{"line":38,"column":24},"end":{"line":43,"column":27}},"21":{"start":{"line":52,"column":8},"end":{"line":90,"column":11}},"22":{"start":{"line":53,"column":26},"end":{"line":53,"column":66}},"23":{"start":{"line":54,"column":12},"end":{"line":89,"column":15}},"24":{"start":{"line":55,"column":16},"end":{"line":58,"column":17}},"25":{"start":{"line":56,"column":20},"end":{"line":56,"column":66}},"26":{"start":{"line":57,"column":20},"end":{"line":57,"column":79}},"27":{"start":{"line":60,"column":16},"end":{"line":63,"column":17}},"28":{"start":{"line":61,"column":20},"end":{"line":61,"column":50}},"29":{"start":{"line":62,"column":20},"end":{"line":62,"column":42}},"30":{"start":{"line":65,"column":16},"end":{"line":65,"column":49}},"31":{"start":{"line":67,"column":16},"end":{"line":88,"column":19}},"32":{"start":{"line":68,"column":20},"end":{"line":71,"column":21}},"33":{"start":{"line":69,"column":24},"end":{"line":69,"column":85}},"34":{"start":{"line":70,"column":24},"end":{"line":70,"column":98}},"35":{"start":{"line":73,"column":20},"end":{"line":73,"column":55}},"36":{"start":{"line":75,"column":20},"end":{"line":87,"column":21}},"37":{"start":{"line":77,"column":37},"end":{"line":82,"column":25}},"38":{"start":{"line":83,"column":24},"end":{"line":83,"column":45}},"39":{"start":{"line":85,"column":24},"end":{"line":85,"column":63}},"40":{"start":{"line":86,"column":24},"end":{"line":86,"column":46}}},"fnMap":{"0":{"name":"(anonymous_0)","decl":{"start":{"line":8,"column":4},"end":{"line":8,"column":5}},"loc":{"start":{"line":8,"column":52},"end":{"line":48,"column":5}},"line":8},"1":{"name":"(anonymous_1)","decl":{"start":{"line":9,"column":27},"end":{"line":9,"column":28}},"loc":{"start":{"line":9,"column":48},"end":{"line":47,"column":9}},"line":9},"2":{"name":"(anonymous_2)","decl":{"start":{"line":12,"column":47},"end":{"line":12,"column":48}},"loc":{"start":{"line":12,"column":70},"end":{"line":46,"column":13}},"line":12},"3":{"name":"(anonymous_3)","decl":{"start":{"line":24,"column":50},"end":{"line":24,"column":51}},"loc":{"start":{"line":24,"column":75},"end":{"line":45,"column":17}},"line":24},"4":{"name":"(anonymous_4)","decl":{"start":{"line":32,"column":83},"end":{"line":32,"column":84}},"loc":{"start":{"line":32,"column":98},"end":{"line":44,"column":21}},"line":32},"5":{"name":"(anonymous_5)","decl":{"start":{"line":51,"column":4},"end":{"line":51,"column":5}},"loc":{"start":{"line":51,"column":30},"end":{"line":91,"column":5}},"line":51},"6":{"name":"(anonymous_6)","decl":{"start":{"line":52,"column":27},"end":{"line":52,"column":28}},"loc":{"start":{"line":52,"column":48},"end":{"line":90,"column":9}},"line":52},"7":{"name":"(anonymous_7)","decl":{"start":{"line":54,"column":38},"end":{"line":54,"column":39}},"loc":{"start":{"line":54,"column":52},"end":{"line":89,"column":13}},"line":54},"8":{"name":"(anonymous_8)","decl":{"start":{"line":67,"column":54},"end":{"line":67,"column":55}},"loc":{"start":{"line":67,"column":79},"end":{"line":88,"column":17}},"line":67}},"branchMap":{"0":{"loc":{"start":{"line":13,"column":16},"end":{"line":16,"column":17}},"type":"if","locations":[{"start":{"line":13,"column":16},"end":{"line":16,"column":17}},{"start":{},"end":{}}],"line":13},"1":{"loc":{"start":{"line":17,"column":16},"end":{"line":20,"column":17}},"type":"if","locations":[{"start":{"line":17,"column":16},"end":{"line":20,"column":17}},{"start":{},"end":{}}],"line":17},"2":{"loc":{"start":{"line":25,"column":20},"end":{"line":28,"column":21}},"type":"if","locations":[{"start":{"line":25,"column":20},"end":{"line":28,"column":21}},{"start":{},"end":{}}],"line":25},"3":{"loc":{"start":{"line":33,"column":24},"end":{"line":36,"column":25}},"type":"if","locations":[{"start":{"line":33,"column":24},"end":{"line":36,"column":25}},{"start":{},"end":{}}],"line":33},"4":{"loc":{"start":{"line":55,"column":16},"end":{"line":58,"column":17}},"type":"if","locations":[{"start":{"line":55,"column":16},"end":{"line":58,"column":17}},{"start":{},"end":{}}],"line":55},"5":{"loc":{"start":{"line":60,"column":16},"end":{"line":63,"column":17}},"type":"if","locations":[{"start":{"line":60,"column":16},"end":{"line":63,"column":17}},{"start":{},"end":{}}],"line":60},"6":{"loc":{"start":{"line":68,"column":20},"end":{"line":71,"column":21}},"type":"if","locations":[{"start":{"line":68,"column":20},"end":{"line":71,"column":21}},{"start":{},"end":{}}],"line":68},"7":{"loc":{"start":{"line":75,"column":20},"end":{"line":87,"column":21}},"type":"if","locations":[{"start":{"line":75,"column":20},"end":{"line":87,"column":21}},{"start":{"line":84,"column":27},"end":{"line":87,"column":21}}],"line":75}},"s":{"0":2,"1":2,"2":2,"3":2,"4":0,"5":0,"6":2,"7":1,"8":1,"9":1,"10":1,"11":1,"12":0,"13":0,"14":1,"15":1,"16":1,"17":1,"18":0,"19":0,"20":1,"21":0,"22":0,"23":0,"24":0,"25":0,"26":0,"27":0,"28":0,"29":0,"30":0,"31":0,"32":0,"33":0,"34":0,"35":0,"36":0,"37":0,"38":0,"39":0,"40":0},"f":{"0":2,"1":2,"2":2,"3":1,"4":1,"5":0,"6":0,"7":0,"8":0},"b":{"0":[0,2],"1":[1,1],"2":[0,1],"3":[0,1],"4":[0,0],"5":[0,0],"6":[0,0],"7":[0,0]},"_coverageSchema":"1a1c01bbd47fc00a2c39e90264f33305004495a9","hash":"77f6297d7eb2a5970d42469124fd45ccd2bf8327"}
,"C:\\Users\\giuli\\Desktop\\Giulio\\Magistrale\\2° Anno\\Software Engineering II\\Kiruna-project\\backend\\db\\db.mjs": {"path":"C:\\Users\\giuli\\Desktop\\Giulio\\Magistrale\\2° Anno\\Software Engineering II\\Kiruna-project\\backend\\db\\db.mjs","statementMap":{"0":{"start":{"line":7,"column":11},"end":{"line":11,"column":2}},"1":{"start":{"line":8,"column":4},"end":{"line":8,"column":23}},"2":{"start":{"line":8,"column":13},"end":{"line":8,"column":23}}},"fnMap":{"0":{"name":"(anonymous_0)","decl":{"start":{"line":7,"column":44},"end":{"line":7,"column":45}},"loc":{"start":{"line":7,"column":53},"end":{"line":11,"column":1}},"line":7}},"branchMap":{"0":{"loc":{"start":{"line":8,"column":4},"end":{"line":8,"column":23}},"type":"if","locations":[{"start":{"line":8,"column":4},"end":{"line":8,"column":23}},{"start":{},"end":{}}],"line":8}},"s":{"0":1,"1":1,"2":0},"f":{"0":1},"b":{"0":[0,1]},"_coverageSchema":"1a1c01bbd47fc00a2c39e90264f33305004495a9","hash":"ea278cb28900b976e143e8c5bca241650048ba81"}
,"C:\\Users\\giuli\\Desktop\\Giulio\\Magistrale\\2° Anno\\Software Engineering II\\Kiruna-project\\backend\\db\\path.mjs": {"path":"C:\\Users\\giuli\\Desktop\\Giulio\\Magistrale\\2° Anno\\Software Engineering II\\Kiruna-project\\backend\\db\\path.mjs","statementMap":{"0":{"start":{"line":6,"column":10},"end":{"line":6,"column":76}},"1":{"start":{"line":9,"column":19},"end":{"line":9,"column":67}}},"fnMap":{},"branchMap":{"0":{"loc":{"start":{"line":6,"column":10},"end":{"line":6,"column":76}},"type":"cond-expr","locations":[{"start":{"line":6,"column":33},"end":{"line":6,"column":60}},{"start":{"line":6,"column":63},"end":{"line":6,"column":76}}],"line":6},"1":{"loc":{"start":{"line":9,"column":19},"end":{"line":9,"column":67}},"type":"cond-expr","locations":[{"start":{"line":9,"column":36},"end":{"line":9,"column":52}},{"start":{"line":9,"column":55},"end":{"line":9,"column":67}}],"line":9}},"s":{"0":1,"1":1},"f":{},"b":{"0":[1,0],"1":[1,0]},"_coverageSchema":"1a1c01bbd47fc00a2c39e90264f33305004495a9","hash":"f38aa0d9694045c84604b8018b8bafa2af9a157b"}
}
