TN:
SF:index.mjs
FN:33,(anonymous_0)
FN:38,(anonymous_1)
FN:40,(anonymous_2)
FN:43,(anonymous_3)
FN:53,(anonymous_4)
FN:73,(anonymous_5)
FN:102,(anonymous_6)
FN:114,(anonymous_7)
FN:118,(anonymous_8)
FN:132,(anonymous_9)
FN:142,(anonymous_10)
FN:175,(anonymous_11)
FNF:12
FNH:2
FNDA:0,(anonymous_0)
FNDA:0,(anonymous_1)
FNDA:0,(anonymous_2)
FNDA:0,(anonymous_3)
FNDA:4,(anonymous_4)
FNDA:4,(anonymous_5)
FNDA:0,(anonymous_6)
FNDA:0,(anonymous_7)
FNDA:0,(anonymous_8)
FNDA:0,(anonymous_9)
FNDA:0,(anonymous_10)
FNDA:0,(anonymous_11)
DA:8,1
DA:9,1
DA:11,1
DA:14,1
DA:19,1
DA:21,1
DA:29,1
DA:30,1
DA:33,1
DA:34,0
DA:38,1
DA:39,0
DA:41,0
DA:44,0
DA:48,1
DA:49,1
DA:53,1
DA:54,4
DA:57,4
DA:58,1
DA:61,3
DA:62,3
DA:63,1
DA:65,2
DA:66,1
DA:68,1
DA:73,1
DA:74,4
DA:76,4
DA:77,1
DA:80,3
DA:81,3
DA:83,2
DA:84,1
DA:87,1
DA:94,1
DA:96,1
DA:97,1
DA:102,1
DA:103,0
DA:104,0
DA:109,0
DA:114,1
DA:115,0
DA:116,0
DA:118,0
DA:119,0
DA:120,0
DA:121,0
DA:123,0
DA:124,0
DA:127,0
DA:132,1
DA:133,0
DA:134,0
DA:135,0
DA:137,0
DA:142,1
DA:143,0
DA:145,0
DA:146,0
DA:147,0
DA:150,0
DA:151,0
DA:152,0
DA:155,0
DA:157,0
DA:166,0
DA:167,0
DA:169,0
DA:175,1
DA:176,0
LF:72
LH:39
BRDA:57,0,0,1
BRDA:57,0,1,3
BRDA:57,1,0,4
BRDA:57,1,1,4
BRDA:57,1,2,3
BRDA:57,1,3,3
BRDA:65,2,0,1
BRDA:65,2,1,1
BRDA:76,3,0,1
BRDA:76,3,1,3
BRDA:76,4,0,4
BRDA:76,4,1,4
BRDA:83,5,0,1
BRDA:83,5,1,1
BRDA:103,6,0,0
BRDA:103,6,1,0
BRDA:115,7,0,0
BRDA:115,7,1,0
BRDA:119,8,0,0
BRDA:119,8,1,0
BRDA:146,9,0,0
BRDA:146,9,1,0
BRDA:146,10,0,0
BRDA:146,10,1,0
BRDA:151,11,0,0
BRDA:151,11,1,0
BRDA:151,12,0,0
BRDA:151,12,1,0
BRDA:166,13,0,0
BRDA:166,13,1,0
BRF:30
BRH:14
end_of_record
TN:
SF:dao\document.mjs
FN:8,(anonymous_0)
FN:9,(anonymous_1)
FN:12,(anonymous_2)
FN:27,(anonymous_3)
FN:28,(anonymous_4)
FN:31,(anonymous_5)
FN:42,(anonymous_6)
FN:43,(anonymous_7)
FN:51,(anonymous_8)
FN:65,(anonymous_9)
FNF:10
FNH:4
FNDA:0,(anonymous_0)
FNDA:0,(anonymous_1)
FNDA:0,(anonymous_2)
FNDA:0,(anonymous_3)
FNDA:0,(anonymous_4)
FNDA:0,(anonymous_5)
FNDA:5,(anonymous_6)
FNDA:5,(anonymous_7)
FNDA:4,(anonymous_8)
FNDA:2,(anonymous_9)
DA:9,0
DA:10,0
DA:12,0
DA:13,0
DA:14,0
DA:15,0
DA:17,0
DA:18,0
DA:20,0
DA:28,0
DA:29,0
DA:31,0
DA:32,0
DA:33,0
DA:34,0
DA:37,0
DA:43,5
DA:45,5
DA:46,1
DA:49,4
DA:51,4
DA:52,4
DA:53,1
DA:54,1
DA:57,3
DA:59,2
DA:65,2
DA:66,2
DA:67,1
DA:68,1
DA:71,1
DA:79,1
LF:32
LH:16
BRDA:13,0,0,0
BRDA:13,0,1,0
BRDA:17,1,0,0
BRDA:17,1,1,0
BRDA:32,2,0,0
BRDA:32,2,1,0
BRDA:45,3,0,1
BRDA:45,3,1,4
BRDA:45,4,0,5
BRDA:45,4,1,4
BRDA:52,5,0,1
BRDA:52,5,1,3
BRDA:57,6,0,2
BRDA:57,6,1,1
BRDA:66,7,0,1
BRDA:66,7,1,1
BRF:16
BRH:10
end_of_record
TN:
SF:dao\login.mjs
FN:8,(anonymous_0)
FN:9,(anonymous_1)
FN:12,(anonymous_2)
FN:24,(anonymous_3)
FN:32,(anonymous_4)
FN:51,(anonymous_5)
FN:52,(anonymous_6)
FN:54,(anonymous_7)
FN:67,(anonymous_8)
FNF:9
FNH:9
FNDA:4,(anonymous_0)
FNDA:4,(anonymous_1)
FNDA:4,(anonymous_2)
FNDA:2,(anonymous_3)
FNDA:2,(anonymous_4)
FNDA:5,(anonymous_5)
FNDA:5,(anonymous_6)
FNDA:5,(anonymous_7)
FNDA:3,(anonymous_8)
DA:9,4
DA:10,4
DA:12,4
DA:13,4
DA:14,1
DA:15,1
DA:17,3
DA:18,1
DA:19,1
DA:22,2
DA:24,2
DA:25,2
DA:26,0
DA:27,0
DA:29,2
DA:31,2
DA:32,2
DA:33,2
DA:34,1
DA:35,1
DA:38,1
DA:52,5
DA:53,5
DA:54,5
DA:55,5
DA:56,1
DA:57,1
DA:60,4
DA:61,1
DA:62,1
DA:65,3
DA:67,3
DA:68,3
DA:69,1
DA:70,1
DA:73,2
DA:75,2
DA:77,1
DA:83,1
DA:85,1
DA:86,1
LF:41
LH:39
BRDA:13,0,0,1
BRDA:13,0,1,3
BRDA:17,1,0,1
BRDA:17,1,1,2
BRDA:25,2,0,0
BRDA:25,2,1,2
BRDA:33,3,0,1
BRDA:33,3,1,1
BRDA:55,4,0,1
BRDA:55,4,1,4
BRDA:60,5,0,1
BRDA:60,5,1,3
BRDA:68,6,0,1
BRDA:68,6,1,2
BRDA:75,7,0,1
BRDA:75,7,1,1
BRF:16
BRH:15
end_of_record
TN:
SF:db\db.mjs
FN:7,(anonymous_0)
FNF:1
FNH:1
FNDA:2,(anonymous_0)
DA:7,3
DA:8,2
LF:2
LH:2
BRDA:8,0,0,0
BRDA:8,0,1,2
BRF:2
BRH:1
end_of_record
TN:
SF:db\path.mjs
FNF:0
FNH:0
DA:6,3
DA:9,3
LF:2
LH:2
BRDA:6,0,0,3
BRDA:6,0,1,0
BRDA:9,1,0,3
BRDA:9,1,1,0
BRF:4
BRH:2
end_of_record
